  Ghost.cpp
  Ghost_UI.cpp
C:\Users\Geral\Desktop\Escola\Arquitetura de Computadores\Programas\PacMan_ATC\PacMan_ATC\Ghost_UI.cpp(14,37): warning C4267: 'argumento': conversão de 'size_t' para 'int', possível perda de dados
C:\Users\Geral\Desktop\Escola\Arquitetura de Computadores\Programas\PacMan_ATC\PacMan_ATC\Ghost_UI.cpp(14,18): warning C4267: 'argumento': conversão de 'size_t' para 'int', possível perda de dados
C:\Users\Geral\Desktop\Escola\Arquitetura de Computadores\Programas\PacMan_ATC\PacMan_ATC\Ghost_UI.cpp(32,37): warning C4267: 'argumento': conversão de 'size_t' para 'int', possível perda de dados
C:\Users\Geral\Desktop\Escola\Arquitetura de Computadores\Programas\PacMan_ATC\PacMan_ATC\Ghost_UI.cpp(32,18): warning C4267: 'argumento': conversão de 'size_t' para 'int', possível perda de dados
C:\Users\Geral\Desktop\Escola\Arquitetura de Computadores\Programas\PacMan_ATC\PacMan_ATC\Ghost_UI.cpp(39,38): warning C4267: 'argumento': conversão de 'size_t' para 'int', possível perda de dados
C:\Users\Geral\Desktop\Escola\Arquitetura de Computadores\Programas\PacMan_ATC\PacMan_ATC\Ghost_UI.cpp(39,19): warning C4267: 'argumento': conversão de 'size_t' para 'int', possível perda de dados
C:\Users\Geral\Desktop\Escola\Arquitetura de Computadores\Programas\PacMan_ATC\PacMan_ATC\Ghost_UI.cpp(44,38): warning C4267: 'argumento': conversão de 'size_t' para 'int', possível perda de dados
C:\Users\Geral\Desktop\Escola\Arquitetura de Computadores\Programas\PacMan_ATC\PacMan_ATC\Ghost_UI.cpp(44,19): warning C4267: 'argumento': conversão de 'size_t' para 'int', possível perda de dados
C:\Users\Geral\Desktop\Escola\Arquitetura de Computadores\Programas\PacMan_ATC\PacMan_ATC\Ghost_UI.cpp(49,38): warning C4267: 'argumento': conversão de 'size_t' para 'int', possível perda de dados
C:\Users\Geral\Desktop\Escola\Arquitetura de Computadores\Programas\PacMan_ATC\PacMan_ATC\Ghost_UI.cpp(49,19): warning C4267: 'argumento': conversão de 'size_t' para 'int', possível perda de dados
C:\Users\Geral\Desktop\Escola\Arquitetura de Computadores\Programas\PacMan_ATC\PacMan_ATC\Ghost_UI.cpp(54,38): warning C4267: 'argumento': conversão de 'size_t' para 'int', possível perda de dados
C:\Users\Geral\Desktop\Escola\Arquitetura de Computadores\Programas\PacMan_ATC\PacMan_ATC\Ghost_UI.cpp(54,19): warning C4267: 'argumento': conversão de 'size_t' para 'int', possível perda de dados
  main.cpp
C:\Program Files\Microsoft Visual Studio\2022\Community\VC\Tools\MSVC\14.42.34433\include\curses.h(190,9): warning C4005: 'MOUSE_MOVED': redefinição de macro
  (compilando o arquivo fonte 'main.cpp')
      C:\Program Files (x86)\Windows Kits\10\Include\10.0.22621.0\um\wincontypes.h(103,9):
      ver a definição anterior de "MOUSE_MOVED"
  
  Gerando Código...
  PacMan.vcxproj -> C:\Users\Geral\Desktop\Escola\Arquitetura de Computadores\Programas\PacMan_ATC\PacMan_ATC\x64\Debug\PacMan.exe
