c:\users\geral\desktop\escola\arquitetura de computadores\programas\pacman_atc\pacman_atc\pacman\x64\debug\vc143.pdb
c:\users\geral\desktop\escola\arquitetura de computadores\programas\pacman_atc\pacman_atc\pacman\x64\debug\vc143.idb
c:\users\geral\desktop\escola\arquitetura de computadores\programas\pacman_atc\pacman_atc\pacman\x64\debug\pacman.obj
c:\users\geral\desktop\escola\arquitetura de computadores\programas\pacman_atc\pacman_atc\pacman\x64\debug\map.obj
c:\users\geral\desktop\escola\arquitetura de computadores\programas\pacman_atc\pacman_atc\pacman\x64\debug\main.obj
c:\users\geral\desktop\escola\arquitetura de computadores\programas\pacman_atc\pacman_atc\pacman\x64\debug\wall.obj
c:\users\geral\desktop\escola\arquitetura de computadores\programas\pacman_atc\pacman_atc\pacman\x64\debug\portal.obj
c:\users\geral\desktop\escola\arquitetura de computadores\programas\pacman_atc\pacman_atc\pacman\x64\debug\object.obj
c:\users\geral\desktop\escola\arquitetura de computadores\programas\pacman_atc\pacman_atc\pacman\x64\debug\dot.obj
c:\users\geral\desktop\escola\arquitetura de computadores\programas\pacman_atc\pacman_atc\pacman\x64\debug\ghost.obj
c:\users\geral\desktop\escola\arquitetura de computadores\programas\pacman_atc\pacman_atc\pacman\x64\debug\entity.obj
c:\users\geral\desktop\escola\arquitetura de computadores\programas\pacman_atc\pacman_atc\pacman\x64\debug\intersection.obj
c:\users\geral\desktop\escola\arquitetura de computadores\programas\pacman_atc\pacman_atc\pacman\x64\debug\menu.obj
c:\users\geral\desktop\escola\arquitetura de computadores\programas\pacman_atc\pacman_atc\pacman\x64\debug\pacman.ilk
c:\users\geral\desktop\escola\arquitetura de computadores\programas\pacman_atc\pacman_atc\x64\debug\pacman.pdb
c:\users\geral\desktop\escola\arquitetura de computadores\programas\pacman_atc\pacman_atc\pacman\x64\debug\pacman.tlog\cl.command.1.tlog
c:\users\geral\desktop\escola\arquitetura de computadores\programas\pacman_atc\pacman_atc\pacman\x64\debug\pacman.tlog\cl.items.tlog
c:\users\geral\desktop\escola\arquitetura de computadores\programas\pacman_atc\pacman_atc\pacman\x64\debug\pacman.tlog\cl.read.1.tlog
c:\users\geral\desktop\escola\arquitetura de computadores\programas\pacman_atc\pacman_atc\pacman\x64\debug\pacman.tlog\cl.write.1.tlog
c:\users\geral\desktop\escola\arquitetura de computadores\programas\pacman_atc\pacman_atc\pacman\x64\debug\pacman.tlog\link-cvtres.read.1.tlog
c:\users\geral\desktop\escola\arquitetura de computadores\programas\pacman_atc\pacman_atc\pacman\x64\debug\pacman.tlog\link-cvtres.write.1.tlog
c:\users\geral\desktop\escola\arquitetura de computadores\programas\pacman_atc\pacman_atc\pacman\x64\debug\pacman.tlog\link-rc.read.1.tlog
c:\users\geral\desktop\escola\arquitetura de computadores\programas\pacman_atc\pacman_atc\pacman\x64\debug\pacman.tlog\link-rc.write.1.tlog
c:\users\geral\desktop\escola\arquitetura de computadores\programas\pacman_atc\pacman_atc\pacman\x64\debug\pacman.tlog\link.19240-cvtres.read.1.tlog
c:\users\geral\desktop\escola\arquitetura de computadores\programas\pacman_atc\pacman_atc\pacman\x64\debug\pacman.tlog\link.19240-cvtres.write.1.tlog
c:\users\geral\desktop\escola\arquitetura de computadores\programas\pacman_atc\pacman_atc\pacman\x64\debug\pacman.tlog\link.19240-rc.read.1.tlog
c:\users\geral\desktop\escola\arquitetura de computadores\programas\pacman_atc\pacman_atc\pacman\x64\debug\pacman.tlog\link.19240-rc.write.1.tlog
c:\users\geral\desktop\escola\arquitetura de computadores\programas\pacman_atc\pacman_atc\pacman\x64\debug\pacman.tlog\link.19240.read.1.tlog
c:\users\geral\desktop\escola\arquitetura de computadores\programas\pacman_atc\pacman_atc\pacman\x64\debug\pacman.tlog\link.19240.read.2.tlog
c:\users\geral\desktop\escola\arquitetura de computadores\programas\pacman_atc\pacman_atc\pacman\x64\debug\pacman.tlog\link.19240.read.3.tlog
c:\users\geral\desktop\escola\arquitetura de computadores\programas\pacman_atc\pacman_atc\pacman\x64\debug\pacman.tlog\link.19240.read.5.tlog
c:\users\geral\desktop\escola\arquitetura de computadores\programas\pacman_atc\pacman_atc\pacman\x64\debug\pacman.tlog\link.19240.write.1.tlog
c:\users\geral\desktop\escola\arquitetura de computadores\programas\pacman_atc\pacman_atc\pacman\x64\debug\pacman.tlog\link.command.1.tlog
c:\users\geral\desktop\escola\arquitetura de computadores\programas\pacman_atc\pacman_atc\pacman\x64\debug\pacman.tlog\link.read.1.tlog
c:\users\geral\desktop\escola\arquitetura de computadores\programas\pacman_atc\pacman_atc\pacman\x64\debug\pacman.tlog\link.read.2.tlog
c:\users\geral\desktop\escola\arquitetura de computadores\programas\pacman_atc\pacman_atc\pacman\x64\debug\pacman.tlog\link.read.3.tlog
c:\users\geral\desktop\escola\arquitetura de computadores\programas\pacman_atc\pacman_atc\pacman\x64\debug\pacman.tlog\link.read.4.tlog
c:\users\geral\desktop\escola\arquitetura de computadores\programas\pacman_atc\pacman_atc\pacman\x64\debug\pacman.tlog\link.secondary.1.tlog
c:\users\geral\desktop\escola\arquitetura de computadores\programas\pacman_atc\pacman_atc\pacman\x64\debug\pacman.tlog\link.write.1.tlog
